		Initializing .... 

Total memory allocated = 5452148
		Begin Printing Seed information

Seed point: 76 34 	Path 0 0 	User path -1 -1 -1

---------------------

Print path: 



[76 34] 

		Begin Printing Seed information

Seed point: 76 34 	Path 0 21 	User path 0 17 0

Seed point: 91 30 	Path 22 22 	User path 34 34 34

---------------------

Print path: 



[76 34] [76 33] [76 32] [76 31] [76 30] [77 30] [78 30] 
[79 30] [80 30] [81 30] [82 30] [83 30] [84 30] [84 29] 
[85 29] [86 29] [87 29] [88 29] [89 29] [90 29] [90 30] 
[91 30] [91 30] 

		Begin Printing Seed information

Seed point: 76 34 	Path 0 21 	User path 0 17 0

Seed point: 91 30 	Path 22 53 	User path 17 45 17

Seed point: 113 37 	Path 54 54 	User path 69 69 69

---------------------

Print path: 



[76 34] [76 33] [76 32] [76 31] [76 30] [77 30] [78 30] 
[79 30] [80 30] [81 30] [82 30] [83 30] [84 30] [84 29] 
[85 29] [86 29] [87 29] [88 29] [89 29] [90 29] [90 30] 
[91 30] [91 30] [92 30] [93 30] [94 30] [95 30] [96 30] 
[97 30] [98 30] [99 30] [99 31] [99 32] [100 32] [101 32] 
[102 32] [103 32] [104 32] [104 33] [105 33] [106 33] [107 33] 
[108 33] [109 33] [110 33] [111 33] [112 33] [112 34] [113 34] 
[114 34] [114 35] [114 36] [113 36] [113 37] [113 37] 

		Begin Printing Seed information

Seed point: 76 34 	Path 0 21 	User path 0 17 0

Seed point: 91 30 	Path 22 53 	User path 17 45 17

Seed point: 113 37 	Path 54 109 	User path 45 78 45

Seed point: 127 68 	Path 110 110 	User path 91 91 91

---------------------

Print path: 



[76 34] [76 33] [76 32] [76 31] [76 30] [77 30] [78 30] 
[79 30] [80 30] [81 30] [82 30] [83 30] [84 30] [84 29] 
[85 29] [86 29] [87 29] [88 29] [89 29] [90 29] [90 30] 
[91 30] [91 30] [92 30] [93 30] [94 30] [95 30] [96 30] 
[97 30] [98 30] [99 30] [99 31] [99 32] [100 32] [101 32] 
[102 32] [103 32] [104 32] [104 33] [105 33] [106 33] [107 33] 
[108 33] [109 33] [110 33] [111 33] [112 33] [112 34] [113 34] 
[114 34] [114 35] [114 36] [113 36] [113 37] [113 37] [113 38] 
[114 38] [114 39] [115 39] [115 40] [116 40] [117 40] [117 41] 
[117 42] [117 43] [118 43] [119 43] [119 44] [119 45] [120 45] 
[120 46] [121 46] [122 46] [123 46] [124 46] [125 46] [125 47] 
[125 48] [125 49] [125 50] [125 51] [125 52] [125 53] [126 53] 
[127 53] [128 53] [128 54] [128 55] [128 56] [128 57] [128 58] 
[129 58] [129 59] [129 60] [130 60] [130 61] [131 61] [131 62] 
[132 62] [132 63] [132 64] [131 64] [131 65] [131 66] [130 66] 
[130 67] [130 68] [129 68] [128 68] [127 68] [127 68] 

		Begin Printing Seed information

Seed point: 76 34 	Path 0 21 	User path 0 17 0

Seed point: 91 30 	Path 22 53 	User path 17 45 17

Seed point: 113 37 	Path 54 109 	User path 45 78 45

Seed point: 127 68 	Path 110 132 	User path 78 95 78

Seed point: 125 82 	Path 133 133 	User path 113 113 113

---------------------

Print path: 



[76 34] [76 33] [76 32] [76 31] [76 30] [77 30] [78 30] 
[79 30] [80 30] [81 30] [82 30] [83 30] [84 30] [84 29] 
[85 29] [86 29] [87 29] [88 29] [89 29] [90 29] [90 30] 
[91 30] [91 30] [92 30] [93 30] [94 30] [95 30] [96 30] 
[97 30] [98 30] [99 30] [99 31] [99 32] [100 32] [101 32] 
[102 32] [103 32] [104 32] [104 33] [105 33] [106 33] [107 33] 
[108 33] [109 33] [110 33] [111 33] [112 33] [112 34] [113 34] 
[114 34] [114 35] [114 36] [113 36] [113 37] [113 37] [113 38] 
[114 38] [114 39] [115 39] [115 40] [116 40] [117 40] [117 41] 
[117 42] [117 43] [118 43] [119 43] [119 44] [119 45] [120 45] 
[120 46] [121 46] [122 46] [123 46] [124 46] [125 46] [125 47] 
[125 48] [125 49] [125 50] [125 51] [125 52] [125 53] [126 53] 
[127 53] [128 53] [128 54] [128 55] [128 56] [128 57] [128 58] 
[129 58] [129 59] [129 60] [130 60] [130 61] [131 61] [131 62] 
[132 62] [132 63] [132 64] [131 64] [131 65] [131 66] [130 66] 
[130 67] [130 68] [129 68] [128 68] [127 68] [127 68] [127 69] 
[127 70] [126 70] [125 70] [125 71] [124 71] [124 72] [123 72] 
[122 72] [122 73] [122 74] [122 75] [122 76] [122 77] [123 77] 
[124 77] [124 78] [124 79] [124 80] [125 80] [125 81] [125 82] 
[125 82] 

		Begin Printing Seed information

Seed point: 76 34 	Path 0 21 	User path 0 17 0

Seed point: 91 30 	Path 22 53 	User path 17 45 17

Seed point: 113 37 	Path 54 109 	User path 45 78 45

Seed point: 127 68 	Path 110 132 	User path 78 95 78

Seed point: 125 82 	Path 133 163 	User path 95 116 95

Seed point: 118 103 	Path 164 164 	User path 147 147 147

---------------------

Print path: 



[76 34] [76 33] [76 32] [76 31] [76 30] [77 30] [78 30] 
[79 30] [80 30] [81 30] [82 30] [83 30] [84 30] [84 29] 
[85 29] [86 29] [87 29] [88 29] [89 29] [90 29] [90 30] 
[91 30] [91 30] [92 30] [93 30] [94 30] [95 30] [96 30] 
[97 30] [98 30] [99 30] [99 31] [99 32] [100 32] [101 32] 
[102 32] [103 32] [104 32] [104 33] [105 33] [106 33] [107 33] 
[108 33] [109 33] [110 33] [111 33] [112 33] [112 34] [113 34] 
[114 34] [114 35] [114 36] [113 36] [113 37] [113 37] [113 38] 
[114 38] [114 39] [115 39] [115 40] [116 40] [117 40] [117 41] 
[117 42] [117 43] [118 43] [119 43] [119 44] [119 45] [120 45] 
[120 46] [121 46] [122 46] [123 46] [124 46] [125 46] [125 47] 
[125 48] [125 49] [125 50] [125 51] [125 52] [125 53] [126 53] 
[127 53] [128 53] [128 54] [128 55] [128 56] [128 57] [128 58] 
[129 58] [129 59] [129 60] [130 60] [130 61] [131 61] [131 62] 
[132 62] [132 63] [132 64] [131 64] [131 65] [131 66] [130 66] 
[130 67] [130 68] [129 68] [128 68] [127 68] [127 68] [127 69] 
[127 70] [126 70] [125 70] [125 71] [124 71] [124 72] [123 72] 
[122 72] [122 73] [122 74] [122 75] [122 76] [122 77] [123 77] 
[124 77] [124 78] [124 79] [124 80] [125 80] [125 81] [125 82] 
[125 82] [126 82] [126 83] [126 84] [126 85] [126 86] [126 87] 
[126 88] [126 89] [125 89] [125 90] [124 90] [124 91] [124 92] 
[123 92] [123 93] [123 94] [122 94] [122 95] [122 96] [121 96] 
[121 97] [121 98] [120 98] [120 99] [119 99] [119 100] [119 101] 
[118 101] [118 102] [118 103] [118 103] 

		Begin Printing Seed information

Seed point: 76 34 	Path 0 21 	User path 0 17 0

Seed point: 91 30 	Path 22 53 	User path 17 45 17

Seed point: 113 37 	Path 54 109 	User path 45 78 45

Seed point: 127 68 	Path 110 132 	User path 78 95 78

Seed point: 125 82 	Path 133 163 	User path 95 116 95

Seed point: 118 103 	Path 164 228 	User path 116 152 116

Seed point: 111 128 	Path 229 229 	User path 169 169 169

---------------------

Print path: 



[76 34] [76 33] [76 32] [76 31] [76 30] [77 30] [78 30] 
[79 30] [80 30] [81 30] [82 30] [83 30] [84 30] [84 29] 
[85 29] [86 29] [87 29] [88 29] [89 29] [90 29] [90 30] 
[91 30] [91 30] [92 30] [93 30] [94 30] [95 30] [96 30] 
[97 30] [98 30] [99 30] [99 31] [99 32] [100 32] [101 32] 
[102 32] [103 32] [104 32] [104 33] [105 33] [106 33] [107 33] 
[108 33] [109 33] [110 33] [111 33] [112 33] [112 34] [113 34] 
[114 34] [114 35] [114 36] [113 36] [113 37] [113 37] [113 38] 
[114 38] [114 39] [115 39] [115 40] [116 40] [117 40] [117 41] 
[117 42] [117 43] [118 43] [119 43] [119 44] [119 45] [120 45] 
[120 46] [121 46] [122 46] [123 46] [124 46] [125 46] [125 47] 
[125 48] [125 49] [125 50] [125 51] [125 52] [125 53] [126 53] 
[127 53] [128 53] [128 54] [128 55] [128 56] [128 57] [128 58] 
[129 58] [129 59] [129 60] [130 60] [130 61] [131 61] [131 62] 
[132 62] [132 63] [132 64] [131 64] [131 65] [131 66] [130 66] 
[130 67] [130 68] [129 68] [128 68] [127 68] [127 68] [127 69] 
[127 70] [126 70] [125 70] [125 71] [124 71] [124 72] [123 72] 
[122 72] [122 73] [122 74] [122 75] [122 76] [122 77] [123 77] 
[124 77] [124 78] [124 79] [124 80] [125 80] [125 81] [125 82] 
[125 82] [126 82] [126 83] [126 84] [126 85] [126 86] [126 87] 
[126 88] [126 89] [125 89] [125 90] [124 90] [124 91] [124 92] 
[123 92] [123 93] [123 94] [122 94] [122 95] [122 96] [121 96] 
[121 97] [121 98] [120 98] [120 99] [119 99] [119 100] [119 101] 
[118 101] [118 102] [118 103] [118 103] [117 103] [117 104] [117 105] 
[117 106] [116 106] [115 106] [114 106] [114 105] [114 104] [114 103] 
[114 102] [113 102] [113 101] [113 100] [113 99] [112 99] [112 98] 
[111 98] [110 98] [110 99] [110 100] [110 101] [110 102] [111 102] 
[111 103] [111 104] [111 105] [111 106] [111 107] [111 108] [111 109] 
[110 109] [110 110] [110 111] [110 112] [110 113] [110 114] [109 114] 
[108 114] [108 115] [108 116] [109 116] [110 116] [110 117] [110 118] 
[110 119] [110 120] [111 120] [112 120] [112 121] [112 122] [113 122] 
[113 123] [114 123] [114 124] [115 124] [115 125] [115 126] [115 127] 
[114 127] [114 128] [113 128] [112 128] [111 128] [111 128] 

		Begin Printing Seed information

Seed point: 76 34 	Path 0 21 	User path 0 17 0

Seed point: 91 30 	Path 22 53 	User path 17 45 17

Seed point: 113 37 	Path 54 109 	User path 45 78 45

Seed point: 127 68 	Path 110 132 	User path 78 95 78

Seed point: 125 82 	Path 133 163 	User path 95 116 95

Seed point: 118 103 	Path 164 228 	User path 116 152 116

Seed point: 111 128 	Path 229 254 	User path 152 170 152

Seed point: 94 134 	Path 255 255 	User path 191 191 191

---------------------

Print path: 



[76 34] [76 33] [76 32] [76 31] [76 30] [77 30] [78 30] 
[79 30] [80 30] [81 30] [82 30] [83 30] [84 30] [84 29] 
[85 29] [86 29] [87 29] [88 29] [89 29] [90 29] [90 30] 
[91 30] [91 30] [92 30] [93 30] [94 30] [95 30] [96 30] 
[97 30] [98 30] [99 30] [99 31] [99 32] [100 32] [101 32] 
[102 32] [103 32] [104 32] [104 33] [105 33] [106 33] [107 33] 
[108 33] [109 33] [110 33] [111 33] [112 33] [112 34] [113 34] 
[114 34] [114 35] [114 36] [113 36] [113 37] [113 37] [113 38] 
[114 38] [114 39] [115 39] [115 40] [116 40] [117 40] [117 41] 
[117 42] [117 43] [118 43] [119 43] [119 44] [119 45] [120 45] 
[120 46] [121 46] [122 46] [123 46] [124 46] [125 46] [125 47] 
[125 48] [125 49] [125 50] [125 51] [125 52] [125 53] [126 53] 
[127 53] [128 53] [128 54] [128 55] [128 56] [128 57] [128 58] 
[129 58] [129 59] [129 60] [130 60] [130 61] [131 61] [131 62] 
[132 62] [132 63] [132 64] [131 64] [131 65] [131 66] [130 66] 
[130 67] [130 68] [129 68] [128 68] [127 68] [127 68] [127 69] 
[127 70] [126 70] [125 70] [125 71] [124 71] [124 72] [123 72] 
[122 72] [122 73] [122 74] [122 75] [122 76] [122 77] [123 77] 
[124 77] [124 78] [124 79] [124 80] [125 80] [125 81] [125 82] 
[125 82] [126 82] [126 83] [126 84] [126 85] [126 86] [126 87] 
[126 88] [126 89] [125 89] [125 90] [124 90] [124 91] [124 92] 
[123 92] [123 93] [123 94] [122 94] [122 95] [122 96] [121 96] 
[121 97] [121 98] [120 98] [120 99] [119 99] [119 100] [119 101] 
[118 101] [118 102] [118 103] [118 103] [117 103] [117 104] [117 105] 
[117 106] [116 106] [115 106] [114 106] [114 105] [114 104] [114 103] 
[114 102] [113 102] [113 101] [113 100] [113 99] [112 99] [112 98] 
[111 98] [110 98] [110 99] [110 100] [110 101] [110 102] [111 102] 
[111 103] [111 104] [111 105] [111 106] [111 107] [111 108] [111 109] 
[110 109] [110 110] [110 111] [110 112] [110 113] [110 114] [109 114] 
[108 114] [108 115] [108 116] [109 116] [110 116] [110 117] [110 118] 
[110 119] [110 120] [111 120] [112 120] [112 121] [112 122] [113 122] 
[113 123] [114 123] [114 124] [115 124] [115 125] [115 126] [115 127] 
[114 127] [114 128] [113 128] [112 128] [111 128] [111 128] [111 129] 
[110 129] [109 129] [108 129] [107 129] [107 130] [107 131] [107 132] 
[106 132] [106 133] [106 134] [105 134] [104 134] [104 135] [103 135] 
[102 135] [101 135] [101 134] [100 134] [99 134] [98 134] [97 134] 
[96 134] [95 134] [94 134] [94 134] 

		Begin Printing Seed information

Seed point: 76 34 	Path 0 21 	User path 0 17 0

Seed point: 91 30 	Path 22 53 	User path 17 45 17

Seed point: 113 37 	Path 54 109 	User path 45 78 45

Seed point: 127 68 	Path 110 132 	User path 78 95 78

Seed point: 125 82 	Path 133 163 	User path 95 116 95

Seed point: 118 103 	Path 164 228 	User path 116 152 116

Seed point: 111 128 	Path 229 254 	User path 152 170 152

Seed point: 94 134 	Path 255 280 	User path 170 193 170

Seed point: 73 134 	Path 281 281 	User path 213 213 213

---------------------

Print path: 



[76 34] [76 33] [76 32] [76 31] [76 30] [77 30] [78 30] 
[79 30] [80 30] [81 30] [82 30] [83 30] [84 30] [84 29] 
[85 29] [86 29] [87 29] [88 29] [89 29] [90 29] [90 30] 
[91 30] [91 30] [92 30] [93 30] [94 30] [95 30] [96 30] 
[97 30] [98 30] [99 30] [99 31] [99 32] [100 32] [101 32] 
[102 32] [103 32] [104 32] [104 33] [105 33] [106 33] [107 33] 
[108 33] [109 33] [110 33] [111 33] [112 33] [112 34] [113 34] 
[114 34] [114 35] [114 36] [113 36] [113 37] [113 37] [113 38] 
[114 38] [114 39] [115 39] [115 40] [116 40] [117 40] [117 41] 
[117 42] [117 43] [118 43] [119 43] [119 44] [119 45] [120 45] 
[120 46] [121 46] [122 46] [123 46] [124 46] [125 46] [125 47] 
[125 48] [125 49] [125 50] [125 51] [125 52] [125 53] [126 53] 
[127 53] [128 53] [128 54] [128 55] [128 56] [128 57] [128 58] 
[129 58] [129 59] [129 60] [130 60] [130 61] [131 61] [131 62] 
[132 62] [132 63] [132 64] [131 64] [131 65] [131 66] [130 66] 
[130 67] [130 68] [129 68] [128 68] [127 68] [127 68] [127 69] 
[127 70] [126 70] [125 70] [125 71] [124 71] [124 72] [123 72] 
[122 72] [122 73] [122 74] [122 75] [122 76] [122 77] [123 77] 
[124 77] [124 78] [124 79] [124 80] [125 80] [125 81] [125 82] 
[125 82] [126 82] [126 83] [126 84] [126 85] [126 86] [126 87] 
[126 88] [126 89] [125 89] [125 90] [124 90] [124 91] [124 92] 
[123 92] [123 93] [123 94] [122 94] [122 95] [122 96] [121 96] 
[121 97] [121 98] [120 98] [120 99] [119 99] [119 100] [119 101] 
[118 101] [118 102] [118 103] [118 103] [117 103] [117 104] [117 105] 
[117 106] [116 106] [115 106] [114 106] [114 105] [114 104] [114 103] 
[114 102] [113 102] [113 101] [113 100] [113 99] [112 99] [112 98] 
[111 98] [110 98] [110 99] [110 100] [110 101] [110 102] [111 102] 
[111 103] [111 104] [111 105] [111 106] [111 107] [111 108] [111 109] 
[110 109] [110 110] [110 111] [110 112] [110 113] [110 114] [109 114] 
[108 114] [108 115] [108 116] [109 116] [110 116] [110 117] [110 118] 
[110 119] [110 120] [111 120] [112 120] [112 121] [112 122] [113 122] 
[113 123] [114 123] [114 124] [115 124] [115 125] [115 126] [115 127] 
[114 127] [114 128] [113 128] [112 128] [111 128] [111 128] [111 129] 
[110 129] [109 129] [108 129] [107 129] [107 130] [107 131] [107 132] 
[106 132] [106 133] [106 134] [105 134] [104 134] [104 135] [103 135] 
[102 135] [101 135] [101 134] [100 134] [99 134] [98 134] [97 134] 
[96 134] [95 134] [94 134] [94 134] [94 135] [93 135] [93 136] 
[92 136] [91 136] [90 136] [89 136] [88 136] [87 136] [87 135] 
[86 135] [85 135] [85 134] [84 134] [83 134] [82 134] [81 134] 
[80 134] [79 134] [78 134] [77 134] [76 134] [75 134] [74 134] 
[73 134] [73 134] 

		Begin Printing Seed information

Seed point: 76 34 	Path 0 21 	User path 0 17 0

Seed point: 91 30 	Path 22 53 	User path 17 45 17

Seed point: 113 37 	Path 54 109 	User path 45 78 45

Seed point: 127 68 	Path 110 132 	User path 78 95 78

Seed point: 125 82 	Path 133 163 	User path 95 116 95

Seed point: 118 103 	Path 164 228 	User path 116 152 116

Seed point: 111 128 	Path 229 254 	User path 152 170 152

Seed point: 94 134 	Path 255 280 	User path 170 193 170

Seed point: 73 134 	Path 281 313 	User path 193 216 193

Seed point: 54 131 	Path 314 314 	User path 253 253 253

---------------------

Print path: 



[76 34] [76 33] [76 32] [76 31] [76 30] [77 30] [78 30] 
[79 30] [80 30] [81 30] [82 30] [83 30] [84 30] [84 29] 
[85 29] [86 29] [87 29] [88 29] [89 29] [90 29] [90 30] 
[91 30] [91 30] [92 30] [93 30] [94 30] [95 30] [96 30] 
[97 30] [98 30] [99 30] [99 31] [99 32] [100 32] [101 32] 
[102 32] [103 32] [104 32] [104 33] [105 33] [106 33] [107 33] 
[108 33] [109 33] [110 33] [111 33] [112 33] [112 34] [113 34] 
[114 34] [114 35] [114 36] [113 36] [113 37] [113 37] [113 38] 
[114 38] [114 39] [115 39] [115 40] [116 40] [117 40] [117 41] 
[117 42] [117 43] [118 43] [119 43] [119 44] [119 45] [120 45] 
[120 46] [121 46] [122 46] [123 46] [124 46] [125 46] [125 47] 
[125 48] [125 49] [125 50] [125 51] [125 52] [125 53] [126 53] 
[127 53] [128 53] [128 54] [128 55] [128 56] [128 57] [128 58] 
[129 58] [129 59] [129 60] [130 60] [130 61] [131 61] [131 62] 
[132 62] [132 63] [132 64] [131 64] [131 65] [131 66] [130 66] 
[130 67] [130 68] [129 68] [128 68] [127 68] [127 68] [127 69] 
[127 70] [126 70] [125 70] [125 71] [124 71] [124 72] [123 72] 
[122 72] [122 73] [122 74] [122 75] [122 76] [122 77] [123 77] 
[124 77] [124 78] [124 79] [124 80] [125 80] [125 81] [125 82] 
[125 82] [126 82] [126 83] [126 84] [126 85] [126 86] [126 87] 
[126 88] [126 89] [125 89] [125 90] [124 90] [124 91] [124 92] 
[123 92] [123 93] [123 94] [122 94] [122 95] [122 96] [121 96] 
[121 97] [121 98] [120 98] [120 99] [119 99] [119 100] [119 101] 
[118 101] [118 102] [118 103] [118 103] [117 103] [117 104] [117 105] 
[117 106] [116 106] [115 106] [114 106] [114 105] [114 104] [114 103] 
[114 102] [113 102] [113 101] [113 100] [113 99] [112 99] [112 98] 
[111 98] [110 98] [110 99] [110 100] [110 101] [110 102] [111 102] 
[111 103] [111 104] [111 105] [111 106] [111 107] [111 108] [111 109] 
[110 109] [110 110] [110 111] [110 112] [110 113] [110 114] [109 114] 
[108 114] [108 115] [108 116] [109 116] [110 116] [110 117] [110 118] 
[110 119] [110 120] [111 120] [112 120] [112 121] [112 122] [113 122] 
[113 123] [114 123] [114 124] [115 124] [115 125] [115 126] [115 127] 
[114 127] [114 128] [113 128] [112 128] [111 128] [111 128] [111 129] 
[110 129] [109 129] [108 129] [107 129] [107 130] [107 131] [107 132] 
[106 132] [106 133] [106 134] [105 134] [104 134] [104 135] [103 135] 
[102 135] [101 135] [101 134] [100 134] [99 134] [98 134] [97 134] 
[96 134] [95 134] [94 134] [94 134] [94 135] [93 135] [93 136] 
[92 136] [91 136] [90 136] [89 136] [88 136] [87 136] [87 135] 
[86 135] [85 135] [85 134] [84 134] [83 134] [82 134] [81 134] 
[80 134] [79 134] [78 134] [77 134] [76 134] [75 134] [74 134] 
[73 134] [73 134] [72 134] [71 134] [71 135] [71 136] [71 137] 
[71 138] [71 139] [70 139] [69 139] [68 139] [67 139] [66 139] 
[65 139] [64 139] [64 138] [64 137] [63 137] [63 136] [63 135] 
[63 134] [63 133] [62 133] [61 133] [60 133] [59 133] [58 133] 
[57 133] [57 132] [56 132] [55 132] [54 132] [54 131] [54 131] 

		Begin Printing Seed information

Seed point: 76 34 	Path 0 21 	User path 0 17 0

Seed point: 91 30 	Path 22 53 	User path 17 45 17

Seed point: 113 37 	Path 54 109 	User path 45 78 45

Seed point: 127 68 	Path 110 132 	User path 78 95 78

Seed point: 125 82 	Path 133 163 	User path 95 116 95

Seed point: 118 103 	Path 164 228 	User path 116 152 116

Seed point: 111 128 	Path 229 254 	User path 152 170 152

Seed point: 94 134 	Path 255 280 	User path 170 193 170

Seed point: 73 134 	Path 281 313 	User path 193 216 193

Seed point: 54 131 	Path 314 356 	User path 216 251 216

Seed point: 35 110 	Path 357 357 	User path 275 275 275

---------------------

Print path: 



[76 34] [76 33] [76 32] [76 31] [76 30] [77 30] [78 30] 
[79 30] [80 30] [81 30] [82 30] [83 30] [84 30] [84 29] 
[85 29] [86 29] [87 29] [88 29] [89 29] [90 29] [90 30] 
[91 30] [91 30] [92 30] [93 30] [94 30] [95 30] [96 30] 
[97 30] [98 30] [99 30] [99 31] [99 32] [100 32] [101 32] 
[102 32] [103 32] [104 32] [104 33] [105 33] [106 33] [107 33] 
[108 33] [109 33] [110 33] [111 33] [112 33] [112 34] [113 34] 
[114 34] [114 35] [114 36] [113 36] [113 37] [113 37] [113 38] 
[114 38] [114 39] [115 39] [115 40] [116 40] [117 40] [117 41] 
[117 42] [117 43] [118 43] [119 43] [119 44] [119 45] [120 45] 
[120 46] [121 46] [122 46] [123 46] [124 46] [125 46] [125 47] 
[125 48] [125 49] [125 50] [125 51] [125 52] [125 53] [126 53] 
[127 53] [128 53] [128 54] [128 55] [128 56] [128 57] [128 58] 
[129 58] [129 59] [129 60] [130 60] [130 61] [131 61] [131 62] 
[132 62] [132 63] [132 64] [131 64] [131 65] [131 66] [130 66] 
[130 67] [130 68] [129 68] [128 68] [127 68] [127 68] [127 69] 
[127 70] [126 70] [125 70] [125 71] [124 71] [124 72] [123 72] 
[122 72] [122 73] [122 74] [122 75] [122 76] [122 77] [123 77] 
[124 77] [124 78] [124 79] [124 80] [125 80] [125 81] [125 82] 
[125 82] [126 82] [126 83] [126 84] [126 85] [126 86] [126 87] 
[126 88] [126 89] [125 89] [125 90] [124 90] [124 91] [124 92] 
[123 92] [123 93] [123 94] [122 94] [122 95] [122 96] [121 96] 
[121 97] [121 98] [120 98] [120 99] [119 99] [119 100] [119 101] 
[118 101] [118 102] [118 103] [118 103] [117 103] [117 104] [117 105] 
[117 106] [116 106] [115 106] [114 106] [114 105] [114 104] [114 103] 
[114 102] [113 102] [113 101] [113 100] [113 99] [112 99] [112 98] 
[111 98] [110 98] [110 99] [110 100] [110 101] [110 102] [111 102] 
[111 103] [111 104] [111 105] [111 106] [111 107] [111 108] [111 109] 
[110 109] [110 110] [110 111] [110 112] [110 113] [110 114] [109 114] 
[108 114] [108 115] [108 116] [109 116] [110 116] [110 117] [110 118] 
[110 119] [110 120] [111 120] [112 120] [112 121] [112 122] [113 122] 
[113 123] [114 123] [114 124] [115 124] [115 125] [115 126] [115 127] 
[114 127] [114 128] [113 128] [112 128] [111 128] [111 128] [111 129] 
[110 129] [109 129] [108 129] [107 129] [107 130] [107 131] [107 132] 
[106 132] [106 133] [106 134] [105 134] [104 134] [104 135] [103 135] 
[102 135] [101 135] [101 134] [100 134] [99 134] [98 134] [97 134] 
[96 134] [95 134] [94 134] [94 134] [94 135] [93 135] [93 136] 
[92 136] [91 136] [90 136] [89 136] [88 136] [87 136] [87 135] 
[86 135] [85 135] [85 134] [84 134] [83 134] [82 134] [81 134] 
[80 134] [79 134] [78 134] [77 134] [76 134] [75 134] [74 134] 
[73 134] [73 134] [72 134] [71 134] [71 135] [71 136] [71 137] 
[71 138] [71 139] [70 139] [69 139] [68 139] [67 139] [66 139] 
[65 139] [64 139] [64 138] [64 137] [63 137] [63 136] [63 135] 
[63 134] [63 133] [62 133] [61 133] [60 133] [59 133] [58 133] 
[57 133] [57 132] [56 132] [55 132] [54 132] [54 131] [54 131] 
[53 131] [53 130] [53 129] [52 129] [51 129] [50 129] [49 129] 
[49 128] [49 127] [48 127] [48 126] [47 126] [47 125] [46 125] 
[45 125] [45 124] [44 124] [43 124] [43 123] [42 123] [41 123] 
[41 122] [41 121] [41 120] [40 120] [40 119] [39 119] [38 119] 
[37 119] [37 118] [37 117] [37 116] [36 116] [36 115] [36 114] 
[35 114] [34 114] [34 113] [34 112] [34 111] [34 110] [35 110] 
[35 110] 

		Begin Printing Seed information

Seed point: 76 34 	Path 0 21 	User path 0 17 0

Seed point: 91 30 	Path 22 53 	User path 17 45 17

Seed point: 113 37 	Path 54 109 	User path 45 78 45

Seed point: 127 68 	Path 110 132 	User path 78 95 78

Seed point: 125 82 	Path 133 163 	User path 95 116 95

Seed point: 118 103 	Path 164 228 	User path 116 152 116

Seed point: 111 128 	Path 229 254 	User path 152 170 152

Seed point: 94 134 	Path 255 280 	User path 170 193 170

Seed point: 73 134 	Path 281 313 	User path 193 216 193

Seed point: 54 131 	Path 314 356 	User path 216 251 216

Seed point: 35 110 	Path 357 387 	User path 251 278 251

Seed point: 29 86 	Path 388 388 	User path 297 297 297

---------------------

Print path: 



[76 34] [76 33] [76 32] [76 31] [76 30] [77 30] [78 30] 
[79 30] [80 30] [81 30] [82 30] [83 30] [84 30] [84 29] 
[85 29] [86 29] [87 29] [88 29] [89 29] [90 29] [90 30] 
[91 30] [91 30] [92 30] [93 30] [94 30] [95 30] [96 30] 
[97 30] [98 30] [99 30] [99 31] [99 32] [100 32] [101 32] 
[102 32] [103 32] [104 32] [104 33] [105 33] [106 33] [107 33] 
[108 33] [109 33] [110 33] [111 33] [112 33] [112 34] [113 34] 
[114 34] [114 35] [114 36] [113 36] [113 37] [113 37] [113 38] 
[114 38] [114 39] [115 39] [115 40] [116 40] [117 40] [117 41] 
[117 42] [117 43] [118 43] [119 43] [119 44] [119 45] [120 45] 
[120 46] [121 46] [122 46] [123 46] [124 46] [125 46] [125 47] 
[125 48] [125 49] [125 50] [125 51] [125 52] [125 53] [126 53] 
[127 53] [128 53] [128 54] [128 55] [128 56] [128 57] [128 58] 
[129 58] [129 59] [129 60] [130 60] [130 61] [131 61] [131 62] 
[132 62] [132 63] [132 64] [131 64] [131 65] [131 66] [130 66] 
[130 67] [130 68] [129 68] [128 68] [127 68] [127 68] [127 69] 
[127 70] [126 70] [125 70] [125 71] [124 71] [124 72] [123 72] 
[122 72] [122 73] [122 74] [122 75] [122 76] [122 77] [123 77] 
[124 77] [124 78] [124 79] [124 80] [125 80] [125 81] [125 82] 
[125 82] [126 82] [126 83] [126 84] [126 85] [126 86] [126 87] 
[126 88] [126 89] [125 89] [125 90] [124 90] [124 91] [124 92] 
[123 92] [123 93] [123 94] [122 94] [122 95] [122 96] [121 96] 
[121 97] [121 98] [120 98] [120 99] [119 99] [119 100] [119 101] 
[118 101] [118 102] [118 103] [118 103] [117 103] [117 104] [117 105] 
[117 106] [116 106] [115 106] [114 106] [114 105] [114 104] [114 103] 
[114 102] [113 102] [113 101] [113 100] [113 99] [112 99] [112 98] 
[111 98] [110 98] [110 99] [110 100] [110 101] [110 102] [111 102] 
[111 103] [111 104] [111 105] [111 106] [111 107] [111 108] [111 109] 
[110 109] [110 110] [110 111] [110 112] [110 113] [110 114] [109 114] 
[108 114] [108 115] [108 116] [109 116] [110 116] [110 117] [110 118] 
[110 119] [110 120] [111 120] [112 120] [112 121] [112 122] [113 122] 
[113 123] [114 123] [114 124] [115 124] [115 125] [115 126] [115 127] 
[114 127] [114 128] [113 128] [112 128] [111 128] [111 128] [111 129] 
[110 129] [109 129] [108 129] [107 129] [107 130] [107 131] [107 132] 
[106 132] [106 133] [106 134] [105 134] [104 134] [104 135] [103 135] 
[102 135] [101 135] [101 134] [100 134] [99 134] [98 134] [97 134] 
[96 134] [95 134] [94 134] [94 134] [94 135] [93 135] [93 136] 
[92 136] [91 136] [90 136] [89 136] [88 136] [87 136] [87 135] 
[86 135] [85 135] [85 134] [84 134] [83 134] [82 134] [81 134] 
[80 134] [79 134] [78 134] [77 134] [76 134] [75 134] [74 134] 
[73 134] [73 134] [72 134] [71 134] [71 135] [71 136] [71 137] 
[71 138] [71 139] [70 139] [69 139] [68 139] [67 139] [66 139] 
[65 139] [64 139] [64 138] [64 137] [63 137] [63 136] [63 135] 
[63 134] [63 133] [62 133] [61 133] [60 133] [59 133] [58 133] 
[57 133] [57 132] [56 132] [55 132] [54 132] [54 131] [54 131] 
[53 131] [53 130] [53 129] [52 129] [51 129] [50 129] [49 129] 
[49 128] [49 127] [48 127] [48 126] [47 126] [47 125] [46 125] 
[45 125] [45 124] [44 124] [43 124] [43 123] [42 123] [41 123] 
[41 122] [41 121] [41 120] [40 120] [40 119] [39 119] [38 119] 
[37 119] [37 118] [37 117] [37 116] [36 116] [36 115] [36 114] 
[35 114] [34 114] [34 113] [34 112] [34 111] [34 110] [35 110] 
[35 110] [35 109] [35 108] [35 107] [34 107] [34 106] [34 105] 
[34 104] [34 103] [33 103] [33 102] [32 102] [32 101] [32 100] 
[32 99] [32 98] [32 97] [32 96] [32 95] [32 94] [31 94] 
[30 94] [30 93] [30 92] [30 91] [29 91] [29 90] [29 89] 
[29 88] [29 87] [29 86] [29 86] 

		Begin Printing Seed information

Seed point: 76 34 	Path 0 21 	User path 0 17 0

Seed point: 91 30 	Path 22 53 	User path 17 45 17

Seed point: 113 37 	Path 54 109 	User path 45 78 45

Seed point: 127 68 	Path 110 132 	User path 78 95 78

Seed point: 125 82 	Path 133 163 	User path 95 116 95

Seed point: 118 103 	Path 164 228 	User path 116 152 116

Seed point: 111 128 	Path 229 254 	User path 152 170 152

Seed point: 94 134 	Path 255 280 	User path 170 193 170

Seed point: 73 134 	Path 281 313 	User path 193 216 193

Seed point: 54 131 	Path 314 356 	User path 216 251 216

Seed point: 35 110 	Path 357 387 	User path 251 278 251

Seed point: 29 86 	Path 388 418 	User path 278 304 278

Seed point: 24 61 	Path 419 419 	User path 323 323 323

---------------------

Print path: 



[76 34] [76 33] [76 32] [76 31] [76 30] [77 30] [78 30] 
[79 30] [80 30] [81 30] [82 30] [83 30] [84 30] [84 29] 
[85 29] [86 29] [87 29] [88 29] [89 29] [90 29] [90 30] 
[91 30] [91 30] [92 30] [93 30] [94 30] [95 30] [96 30] 
[97 30] [98 30] [99 30] [99 31] [99 32] [100 32] [101 32] 
[102 32] [103 32] [104 32] [104 33] [105 33] [106 33] [107 33] 
[108 33] [109 33] [110 33] [111 33] [112 33] [112 34] [113 34] 
[114 34] [114 35] [114 36] [113 36] [113 37] [113 37] [113 38] 
[114 38] [114 39] [115 39] [115 40] [116 40] [117 40] [117 41] 
[117 42] [117 43] [118 43] [119 43] [119 44] [119 45] [120 45] 
[120 46] [121 46] [122 46] [123 46] [124 46] [125 46] [125 47] 
[125 48] [125 49] [125 50] [125 51] [125 52] [125 53] [126 53] 
[127 53] [128 53] [128 54] [128 55] [128 56] [128 57] [128 58] 
[129 58] [129 59] [129 60] [130 60] [130 61] [131 61] [131 62] 
[132 62] [132 63] [132 64] [131 64] [131 65] [131 66] [130 66] 
[130 67] [130 68] [129 68] [128 68] [127 68] [127 68] [127 69] 
[127 70] [126 70] [125 70] [125 71] [124 71] [124 72] [123 72] 
[122 72] [122 73] [122 74] [122 75] [122 76] [122 77] [123 77] 
[124 77] [124 78] [124 79] [124 80] [125 80] [125 81] [125 82] 
[125 82] [126 82] [126 83] [126 84] [126 85] [126 86] [126 87] 
[126 88] [126 89] [125 89] [125 90] [124 90] [124 91] [124 92] 
[123 92] [123 93] [123 94] [122 94] [122 95] [122 96] [121 96] 
[121 97] [121 98] [120 98] [120 99] [119 99] [119 100] [119 101] 
[118 101] [118 102] [118 103] [118 103] [117 103] [117 104] [117 105] 
[117 106] [116 106] [115 106] [114 106] [114 105] [114 104] [114 103] 
[114 102] [113 102] [113 101] [113 100] [113 99] [112 99] [112 98] 
[111 98] [110 98] [110 99] [110 100] [110 101] [110 102] [111 102] 
[111 103] [111 104] [111 105] [111 106] [111 107] [111 108] [111 109] 
[110 109] [110 110] [110 111] [110 112] [110 113] [110 114] [109 114] 
[108 114] [108 115] [108 116] [109 116] [110 116] [110 117] [110 118] 
[110 119] [110 120] [111 120] [112 120] [112 121] [112 122] [113 122] 
[113 123] [114 123] [114 124] [115 124] [115 125] [115 126] [115 127] 
[114 127] [114 128] [113 128] [112 128] [111 128] [111 128] [111 129] 
[110 129] [109 129] [108 129] [107 129] [107 130] [107 131] [107 132] 
[106 132] [106 133] [106 134] [105 134] [104 134] [104 135] [103 135] 
[102 135] [101 135] [101 134] [100 134] [99 134] [98 134] [97 134] 
[96 134] [95 134] [94 134] [94 134] [94 135] [93 135] [93 136] 
[92 136] [91 136] [90 136] [89 136] [88 136] [87 136] [87 135] 
[86 135] [85 135] [85 134] [84 134] [83 134] [82 134] [81 134] 
[80 134] [79 134] [78 134] [77 134] [76 134] [75 134] [74 134] 
[73 134] [73 134] [72 134] [71 134] [71 135] [71 136] [71 137] 
[71 138] [71 139] [70 139] [69 139] [68 139] [67 139] [66 139] 
[65 139] [64 139] [64 138] [64 137] [63 137] [63 136] [63 135] 
[63 134] [63 133] [62 133] [61 133] [60 133] [59 133] [58 133] 
[57 133] [57 132] [56 132] [55 132] [54 132] [54 131] [54 131] 
[53 131] [53 130] [53 129] [52 129] [51 129] [50 129] [49 129] 
[49 128] [49 127] [48 127] [48 126] [47 126] [47 125] [46 125] 
[45 125] [45 124] [44 124] [43 124] [43 123] [42 123] [41 123] 
[41 122] [41 121] [41 120] [40 120] [40 119] [39 119] [38 119] 
[37 119] [37 118] [37 117] [37 116] [36 116] [36 115] [36 114] 
[35 114] [34 114] [34 113] [34 112] [34 111] [34 110] [35 110] 
[35 110] [35 109] [35 108] [35 107] [34 107] [34 106] [34 105] 
[34 104] [34 103] [33 103] [33 102] [32 102] [32 101] [32 100] 
[32 99] [32 98] [32 97] [32 96] [32 95] [32 94] [31 94] 
[30 94] [30 93] [30 92] [30 91] [29 91] [29 90] [29 89] 
[29 88] [29 87] [29 86] [29 86] [29 85] [29 84] [29 83] 
[29 82] [29 81] [29 80] [29 79] [29 78] [29 77] [29 76] 
[29 75] [29 74] [28 74] [27 74] [27 73] [27 72] [27 71] 
[27 70] [27 69] [27 68] [27 67] [26 67] [26 66] [25 66] 
[24 66] [24 65] [24 64] [24 63] [24 62] [24 61] [24 61] 

		Begin Printing Seed information

Seed point: 76 34 	Path 0 21 	User path 0 17 0

Seed point: 91 30 	Path 22 53 	User path 17 45 17

Seed point: 113 37 	Path 54 109 	User path 45 78 45

Seed point: 127 68 	Path 110 132 	User path 78 95 78

Seed point: 125 82 	Path 133 163 	User path 95 116 95

Seed point: 118 103 	Path 164 228 	User path 116 152 116

Seed point: 111 128 	Path 229 254 	User path 152 170 152

Seed point: 94 134 	Path 255 280 	User path 170 193 170

Seed point: 73 134 	Path 281 313 	User path 193 216 193

Seed point: 54 131 	Path 314 356 	User path 216 251 216

Seed point: 35 110 	Path 357 387 	User path 251 278 251

Seed point: 29 86 	Path 388 418 	User path 278 304 278

Seed point: 24 61 	Path 419 444 	User path 304 313 304

Seed point: 31 49 	Path 445 445 	User path 345 345 345

---------------------

Print path: 



[76 34] [76 33] [76 32] [76 31] [76 30] [77 30] [78 30] 
[79 30] [80 30] [81 30] [82 30] [83 30] [84 30] [84 29] 
[85 29] [86 29] [87 29] [88 29] [89 29] [90 29] [90 30] 
[91 30] [91 30] [92 30] [93 30] [94 30] [95 30] [96 30] 
[97 30] [98 30] [99 30] [99 31] [99 32] [100 32] [101 32] 
[102 32] [103 32] [104 32] [104 33] [105 33] [106 33] [107 33] 
[108 33] [109 33] [110 33] [111 33] [112 33] [112 34] [113 34] 
[114 34] [114 35] [114 36] [113 36] [113 37] [113 37] [113 38] 
[114 38] [114 39] [115 39] [115 40] [116 40] [117 40] [117 41] 
[117 42] [117 43] [118 43] [119 43] [119 44] [119 45] [120 45] 
[120 46] [121 46] [122 46] [123 46] [124 46] [125 46] [125 47] 
[125 48] [125 49] [125 50] [125 51] [125 52] [125 53] [126 53] 
[127 53] [128 53] [128 54] [128 55] [128 56] [128 57] [128 58] 
[129 58] [129 59] [129 60] [130 60] [130 61] [131 61] [131 62] 
[132 62] [132 63] [132 64] [131 64] [131 65] [131 66] [130 66] 
[130 67] [130 68] [129 68] [128 68] [127 68] [127 68] [127 69] 
[127 70] [126 70] [125 70] [125 71] [124 71] [124 72] [123 72] 
[122 72] [122 73] [122 74] [122 75] [122 76] [122 77] [123 77] 
[124 77] [124 78] [124 79] [124 80] [125 80] [125 81] [125 82] 
[125 82] [126 82] [126 83] [126 84] [126 85] [126 86] [126 87] 
[126 88] [126 89] [125 89] [125 90] [124 90] [124 91] [124 92] 
[123 92] [123 93] [123 94] [122 94] [122 95] [122 96] [121 96] 
[121 97] [121 98] [120 98] [120 99] [119 99] [119 100] [119 101] 
[118 101] [118 102] [118 103] [118 103] [117 103] [117 104] [117 105] 
[117 106] [116 106] [115 106] [114 106] [114 105] [114 104] [114 103] 
[114 102] [113 102] [113 101] [113 100] [113 99] [112 99] [112 98] 
[111 98] [110 98] [110 99] [110 100] [110 101] [110 102] [111 102] 
[111 103] [111 104] [111 105] [111 106] [111 107] [111 108] [111 109] 
[110 109] [110 110] [110 111] [110 112] [110 113] [110 114] [109 114] 
[108 114] [108 115] [108 116] [109 116] [110 116] [110 117] [110 118] 
[110 119] [110 120] [111 120] [112 120] [112 121] [112 122] [113 122] 
[113 123] [114 123] [114 124] [115 124] [115 125] [115 126] [115 127] 
[114 127] [114 128] [113 128] [112 128] [111 128] [111 128] [111 129] 
[110 129] [109 129] [108 129] [107 129] [107 130] [107 131] [107 132] 
[106 132] [106 133] [106 134] [105 134] [104 134] [104 135] [103 135] 
[102 135] [101 135] [101 134] [100 134] [99 134] [98 134] [97 134] 
[96 134] [95 134] [94 134] [94 134] [94 135] [93 135] [93 136] 
[92 136] [91 136] [90 136] [89 136] [88 136] [87 136] [87 135] 
[86 135] [85 135] [85 134] [84 134] [83 134] [82 134] [81 134] 
[80 134] [79 134] [78 134] [77 134] [76 134] [75 134] [74 134] 
[73 134] [73 134] [72 134] [71 134] [71 135] [71 136] [71 137] 
[71 138] [71 139] [70 139] [69 139] [68 139] [67 139] [66 139] 
[65 139] [64 139] [64 138] [64 137] [63 137] [63 136] [63 135] 
[63 134] [63 133] [62 133] [61 133] [60 133] [59 133] [58 133] 
[57 133] [57 132] [56 132] [55 132] [54 132] [54 131] [54 131] 
[53 131] [53 130] [53 129] [52 129] [51 129] [50 129] [49 129] 
[49 128] [49 127] [48 127] [48 126] [47 126] [47 125] [46 125] 
[45 125] [45 124] [44 124] [43 124] [43 123] [42 123] [41 123] 
[41 122] [41 121] [41 120] [40 120] [40 119] [39 119] [38 119] 
[37 119] [37 118] [37 117] [37 116] [36 116] [36 115] [36 114] 
[35 114] [34 114] [34 113] [34 112] [34 111] [34 110] [35 110] 
[35 110] [35 109] [35 108] [35 107] [34 107] [34 106] [34 105] 
[34 104] [34 103] [33 103] [33 102] [32 102] [32 101] [32 100] 
[32 99] [32 98] [32 97] [32 96] [32 95] [32 94] [31 94] 
[30 94] [30 93] [30 92] [30 91] [29 91] [29 90] [29 89] 
[29 88] [29 87] [29 86] [29 86] [29 85] [29 84] [29 83] 
[29 82] [29 81] [29 80] [29 79] [29 78] [29 77] [29 76] 
[29 75] [29 74] [28 74] [27 74] [27 73] [27 72] [27 71] 
[27 70] [27 69] [27 68] [27 67] [26 67] [26 66] [25 66] 
[24 66] [24 65] [24 64] [24 63] [24 62] [24 61] [24 61] 
[24 60] [25 60] [26 60] [27 60] [28 60] [28 59] [29 59] 
[30 59] [31 59] [32 59] [33 59] [33 58] [33 57] [33 56] 
[34 56] [34 55] [34 54] [33 54] [33 53] [33 52] [32 52] 
[32 51] [31 51] [31 50] [31 49] [31 49] 

User path


[76 34] [76 34] [77 34] [78 34] [79 34] [80 34] [81 34] 
[82 34] [83 34] [84 34] [85 34] [86 34] [87 34] [88 34] 
[89 34] [90 34] [91 34] [91 30] [91 35] [92 35] [93 35] 
[94 35] [94 36] [95 36] [96 36] [97 36] [98 36] [98 37] 
[98 38] [98 39] [99 39] [99 40] [100 40] [101 41] [102 41] 
[103 42] [104 42] [105 42] [105 43] [106 43] [107 43] [108 43] 
[109 43] [110 43] [111 43] [113 37] [112 44] [112 45] [112 46] 
[113 46] [113 47] [113 48] [114 49] [114 50] [114 51] [114 52] 
[114 53] [115 53] [115 54] [116 54] [117 54] [117 55] [118 55] 
[118 56] [118 57] [119 57] [119 58] [119 59] [120 60] [120 61] 
[120 62] [120 63] [120 64] [120 65] [120 66] [121 66] [121 67] 
[121 68] [127 68] [121 69] [121 70] [121 71] [121 72] [121 73] 
[121 74] [121 75] [121 76] [121 77] [121 78] [121 79] [121 80] 
[121 81] [121 82] [121 83] [122 83] [125 82] [122 84] [122 85] 
[122 86] [122 87] [122 88] [122 89] [122 90] [122 91] [122 92] 
[122 93] [122 94] [122 95] [122 96] [122 97] [122 98] [122 99] 
[122 100] [122 101] [122 102] [122 103] [118 103] [122 104] [122 105] 
[122 106] [122 107] [122 108] [122 109] [122 110] [122 111] [122 112] 
[121 113] [121 113] [121 114] [121 115] [121 116] [120 117] [120 118] 
[120 119] [119 120] [119 120] [118 121] [118 121] [117 122] [116 122] 
[115 122] [114 122] [113 122] [112 122] [111 122] [111 123] [110 124] 
[110 124] [110 125] [110 126] [110 127] [110 128] [111 128] [109 129] 
[109 129] [108 130] [107 130] [106 130] [105 130] [104 131] [103 131] 
[102 131] [101 131] [100 131] [99 132] [98 132] [97 133] [96 133] 
[95 134] [94 134] [94 134] [93 134] [92 134] [91 134] [90 134] 
[89 134] [88 134] [87 134] [86 134] [85 134] [84 134] [83 134] 
[82 134] [81 134] [80 134] [79 134] [78 134] [77 134] [76 134] 
[75 134] [75 133] [74 133] [73 133] [73 134] [72 133] [71 133] 
[71 132] [70 132] [69 132] [68 132] [68 131] [67 131] [66 131] 
[66 130] [65 129] [64 129] [64 128] [63 127] [62 127] [62 126] 
[61 126] [61 125] [60 125] [60 124] [59 124] [58 124] [54 131] 
[58 123] [57 123] [57 122] [56 122] [56 121] [55 121] [54 121] 
[54 120] [53 120] [52 120] [52 119] [51 119] [51 118] [50 118] 
[49 117] [49 116] [48 116] [48 115] [47 115] [47 114] [46 114] 
[45 113] [45 112] [44 112] [44 111] [43 111] [42 111] [42 110] 
[41 110] [41 109] [40 109] [40 108] [39 108] [38 108] [35 110] 
[38 107] [37 106] [36 106] [36 105] [35 105] [35 104] [35 103] 
[34 102] [34 101] [33 101] [33 100] [33 99] [33 98] [33 97] 
[33 96] [33 95] [33 94] [33 93] [33 92] [33 91] [33 90] 
[33 89] [33 88] [33 87] [33 86] [32 86] [29 86] [32 85] 
[32 84] [32 83] [32 82] [31 81] [31 80] [31 79] [31 78] 
[31 77] [31 76] [31 75] [31 74] [31 73] [31 72] [31 71] 
[31 70] [31 69] [31 68] [31 67] [31 66] [31 65] [31 64] 
[31 63] [31 62] [31 61] [24 61] [31 60] [31 60] [32 59] 
[32 58] [32 58] [33 57] [33 57] [34 56] [31 49] [34 56] 
[35 56] [36 56] [37 56] [38 56] [39 56] [40 56] [41 55] 
[42 55] [43 54] [43 54] [44 53] [44 52] [44 52] [45 52] 
[46 51] [46 50] [47 49] [47 48] [47 48] [48 47] [48 47] 
[49 46] [49 46] [50 45] [51 44] [52 44] [53 44] [54 43] 
[54 43] [55 42] [55 42] [56 42] [57 41] [57 41] [58 40] 
[58 40] [59 39] [59 39] [60 39] [61 38] [61 37] [62 37] 
[63 37] [64 37] [65 37] [66 37] [67 37] [68 37] [69 37] 
[70 36] [70 36] [71 36] [72 36] [73 36] [74 36] [75 35] 
[76 35] [77 35] [78 35] 

		Begin Printing Seed information

Seed point: 76 34 	Path 0 21 	User path 0 17 0

Seed point: 91 30 	Path 22 53 	User path 17 45 17

Seed point: 113 37 	Path 54 109 	User path 45 78 45

Seed point: 127 68 	Path 110 132 	User path 78 95 78

Seed point: 125 82 	Path 133 163 	User path 95 116 95

Seed point: 118 103 	Path 164 228 	User path 116 152 116

Seed point: 111 128 	Path 229 254 	User path 152 170 152

Seed point: 94 134 	Path 255 280 	User path 170 193 170

Seed point: 73 134 	Path 281 313 	User path 193 216 193

Seed point: 54 131 	Path 314 356 	User path 216 251 216

Seed point: 35 110 	Path 357 387 	User path 251 278 251

Seed point: 29 86 	Path 388 418 	User path 278 304 278

Seed point: 24 61 	Path 419 444 	User path 304 313 304

Seed point: 31 49 	Path 445 519 	User path 313 374 313

Seed point: 79 35 	Path 520 520 	User path 374 374 374

---------------------

Print path: 



[76 34] [76 33] [76 32] [76 31] [76 30] [77 30] [78 30] 
[79 30] [80 30] [81 30] [82 30] [83 30] [84 30] [84 29] 
[85 29] [86 29] [87 29] [88 29] [89 29] [90 29] [90 30] 
[91 30] [91 30] [92 30] [93 30] [94 30] [95 30] [96 30] 
[97 30] [98 30] [99 30] [99 31] [99 32] [100 32] [101 32] 
[102 32] [103 32] [104 32] [104 33] [105 33] [106 33] [107 33] 
[108 33] [109 33] [110 33] [111 33] [112 33] [112 34] [113 34] 
[114 34] [114 35] [114 36] [113 36] [113 37] [113 37] [113 38] 
[114 38] [114 39] [115 39] [115 40] [116 40] [117 40] [117 41] 
[117 42] [117 43] [118 43] [119 43] [119 44] [119 45] [120 45] 
[120 46] [121 46] [122 46] [123 46] [124 46] [125 46] [125 47] 
[125 48] [125 49] [125 50] [125 51] [125 52] [125 53] [126 53] 
[127 53] [128 53] [128 54] [128 55] [128 56] [128 57] [128 58] 
[129 58] [129 59] [129 60] [130 60] [130 61] [131 61] [131 62] 
[132 62] [132 63] [132 64] [131 64] [131 65] [131 66] [130 66] 
[130 67] [130 68] [129 68] [128 68] [127 68] [127 68] [127 69] 
[127 70] [126 70] [125 70] [125 71] [124 71] [124 72] [123 72] 
[122 72] [122 73] [122 74] [122 75] [122 76] [122 77] [123 77] 
[124 77] [124 78] [124 79] [124 80] [125 80] [125 81] [125 82] 
[125 82] [126 82] [126 83] [126 84] [126 85] [126 86] [126 87] 
[126 88] [126 89] [125 89] [125 90] [124 90] [124 91] [124 92] 
[123 92] [123 93] [123 94] [122 94] [122 95] [122 96] [121 96] 
[121 97] [121 98] [120 98] [120 99] [119 99] [119 100] [119 101] 
[118 101] [118 102] [118 103] [118 103] [117 103] [117 104] [117 105] 
[117 106] [116 106] [115 106] [114 106] [114 105] [114 104] [114 103] 
[114 102] [113 102] [113 101] [113 100] [113 99] [112 99] [112 98] 
[111 98] [110 98] [110 99] [110 100] [110 101] [110 102] [111 102] 
[111 103] [111 104] [111 105] [111 106] [111 107] [111 108] [111 109] 
[110 109] [110 110] [110 111] [110 112] [110 113] [110 114] [109 114] 
[108 114] [108 115] [108 116] [109 116] [110 116] [110 117] [110 118] 
[110 119] [110 120] [111 120] [112 120] [112 121] [112 122] [113 122] 
[113 123] [114 123] [114 124] [115 124] [115 125] [115 126] [115 127] 
[114 127] [114 128] [113 128] [112 128] [111 128] [111 128] [111 129] 
[110 129] [109 129] [108 129] [107 129] [107 130] [107 131] [107 132] 
[106 132] [106 133] [106 134] [105 134] [104 134] [104 135] [103 135] 
[102 135] [101 135] [101 134] [100 134] [99 134] [98 134] [97 134] 
[96 134] [95 134] [94 134] [94 134] [94 135] [93 135] [93 136] 
[92 136] [91 136] [90 136] [89 136] [88 136] [87 136] [87 135] 
[86 135] [85 135] [85 134] [84 134] [83 134] [82 134] [81 134] 
[80 134] [79 134] [78 134] [77 134] [76 134] [75 134] [74 134] 
[73 134] [73 134] [72 134] [71 134] [71 135] [71 136] [71 137] 
[71 138] [71 139] [70 139] [69 139] [68 139] [67 139] [66 139] 
[65 139] [64 139] [64 138] [64 137] [63 137] [63 136] [63 135] 
[63 134] [63 133] [62 133] [61 133] [60 133] [59 133] [58 133] 
[57 133] [57 132] [56 132] [55 132] [54 132] [54 131] [54 131] 
[53 131] [53 130] [53 129] [52 129] [51 129] [50 129] [49 129] 
[49 128] [49 127] [48 127] [48 126] [47 126] [47 125] [46 125] 
[45 125] [45 124] [44 124] [43 124] [43 123] [42 123] [41 123] 
[41 122] [41 121] [41 120] [40 120] [40 119] [39 119] [38 119] 
[37 119] [37 118] [37 117] [37 116] [36 116] [36 115] [36 114] 
[35 114] [34 114] [34 113] [34 112] [34 111] [34 110] [35 110] 
[35 110] [35 109] [35 108] [35 107] [34 107] [34 106] [34 105] 
[34 104] [34 103] [33 103] [33 102] [32 102] [32 101] [32 100] 
[32 99] [32 98] [32 97] [32 96] [32 95] [32 94] [31 94] 
[30 94] [30 93] [30 92] [30 91] [29 91] [29 90] [29 89] 
[29 88] [29 87] [29 86] [29 86] [29 85] [29 84] [29 83] 
[29 82] [29 81] [29 80] [29 79] [29 78] [29 77] [29 76] 
[29 75] [29 74] [28 74] [27 74] [27 73] [27 72] [27 71] 
[27 70] [27 69] [27 68] [27 67] [26 67] [26 66] [25 66] 
[24 66] [24 65] [24 64] [24 63] [24 62] [24 61] [24 61] 
[24 60] [25 60] [26 60] [27 60] [28 60] [28 59] [29 59] 
[30 59] [31 59] [32 59] [33 59] [33 58] [33 57] [33 56] 
[34 56] [34 55] [34 54] [33 54] [33 53] [33 52] [32 52] 
[32 51] [31 51] [31 50] [31 49] [31 49] [31 48] [31 47] 
[32 47] [33 47] [34 47] [35 47] [36 47] [37 47] [38 47] 
[39 47] [39 46] [39 45] [40 45] [41 45] [42 45] [42 44] 
[43 44] [43 43] [43 42] [43 41] [44 41] [45 41] [46 41] 
[46 40] [46 39] [47 39] [48 39] [49 39] [49 38] [50 38] 
[50 37] [50 36] [51 36] [52 36] [53 36] [54 36] [54 35] 
[55 35] [55 34] [56 34] [57 34] [57 33] [58 33] [59 33] 
[60 33] [61 33] [62 33] [63 33] [63 34] [64 34] [65 34] 
[65 33] [65 32] [66 32] [67 32] [67 31] [68 31] [69 31] 
[69 32] [70 32] [71 32] [72 32] [73 32] [73 31] [74 31] 
[75 31] [76 31] [77 31] [78 31] [79 31] [79 32] [79 33] 
[79 34] [79 35] [79 35] 

